Gtk-Message: 08:15:06.943: Not loading module "atk-bridge": The functionality is provided by GTK natively. Please try to not load it.

(molotov:17006): Gtk-WARNING **: 08:15:07.126: GTK+ module /snap/molotov-d042/11/gnome-platform/usr/lib/gtk-2.0/modules/libcanberra-gtk-module.so cannot be loaded.
GTK+ 2.x symbols detected. Using GTK+ 2.x and GTK+ 3 in the same process is not supported.
Gtk-Message: 08:15:07.126: Failed to load module "canberra-gtk-module"

(molotov:17006): Gtk-WARNING **: 08:15:07.133: GTK+ module /snap/molotov-d042/11/gnome-platform/usr/lib/gtk-2.0/modules/libcanberra-gtk-module.so cannot be loaded.
GTK+ 2.x symbols detected. Using GTK+ 2.x and GTK+ 3 in the same process is not supported.
Gtk-Message: 08:15:07.133: Failed to load module "canberra-gtk-module"
08:15:07.653 › Electron's autoUpdater does not support the 'linux' platform. Ref: https://www.electronjs.org/docs/latest/api/auto-updater#platform-notices
/usr/share/libdrm/amdgpu.ids: No such file or directory
An error occurred during the HTTP request: y [FetchError]: request to https://http-intake.logs.datadoghq.com/api/v2/logs failed, reason: 
    at ClientRequest.<anonymous> (/snap/molotov-d042/11/usr/lib/molotov/resources/app.asar/.webpack/main/index.js:2:3466954)
    at ClientRequest.emit (node:events:518:28)
    at emitErrorEvent (node:_http_client:104:11)
    at TLSSocket.socketErrorListener (node:_http_client:518:5)
    at TLSSocket.emit (node:events:518:28)
    at emitErrorNT (node:internal/streams/destroy:170:8)
    at emitErrorCloseNT (node:internal/streams/destroy:129:3)
    at process.processTicksAndRejections (node:internal/process/task_queues:90:21) {
  type: 'system',
  errno: 'ECONNREFUSED',
  code: 'ECONNREFUSED'
}
08:15:09.560 › The default application URL has been loaded https://app.molotov.tv
An error occurred during the HTTP request: y [FetchError]: request to https://http-intake.logs.datadoghq.com/api/v2/logs failed, reason: 
    at ClientRequest.<anonymous> (/snap/molotov-d042/11/usr/lib/molotov/resources/app.asar/.webpack/main/index.js:2:3466954)
    at ClientRequest.emit (node:events:518:28)
    at emitErrorEvent (node:_http_client:104:11)
    at TLSSocket.socketErrorListener (node:_http_client:518:5)
    at TLSSocket.emit (node:events:518:28)
    at emitErrorNT (node:internal/streams/destroy:170:8)
    at emitErrorCloseNT (node:internal/streams/destroy:129:3)
    at process.processTicksAndRejections (node:internal/process/task_queues:90:21) {
  type: 'system',
  errno: 'ECONNREFUSED',
  code: 'ECONNREFUSED'
}
